<?xml version="1.0" encoding="UTF-8"?>
<testsuites>
  <testsuite name="" tests="5" assertions="9" failures="0" errors="0" time="0.056879">
    <testsuite name="Tests_Basic" file="/devl/wordpress/wp-content/plugins/WordPress-Plugin-Boilerplate/tests/tests/basic.php" fullPackage="Tests" tests="5" assertions="9" failures="0" errors="0" time="0.056879">
      <testcase name="test_true" class="Tests_Basic" file="/devl/wordpress/wp-content/plugins/WordPress-Plugin-Boilerplate/tests/tests/basic.php" line="24" assertions="1" time="0.007118"/>
      <testcase name="test_globals" class="Tests_Basic" file="/devl/wordpress/wp-content/plugins/WordPress-Plugin-Boilerplate/tests/tests/basic.php" line="30" assertions="2" time="0.034636"/>
      <testcase name="test_globals_bar" class="Tests_Basic" file="/devl/wordpress/wp-content/plugins/WordPress-Plugin-Boilerplate/tests/tests/basic.php" line="46" assertions="1" time="0.005947"/>
      <testcase name="test_strip_ws" class="Tests_Basic" file="/devl/wordpress/wp-content/plugins/WordPress-Plugin-Boilerplate/tests/tests/basic.php" line="55" assertions="4" time="0.005168"/>
      <testcase name="test_mask_input_value" class="Tests_Basic" file="/devl/wordpress/wp-content/plugins/WordPress-Plugin-Boilerplate/tests/tests/basic.php" line="83" assertions="1" time="0.004010"/>
    </testsuite>
  </testsuite>
</testsuites>
